20-Aug-2024 12:41:32.826 SEVERE [http-nio-8080-exec-10] org.apache.catalina.core.StandardWrapperValve.invoke 경로 []의 컨텍스트 내의 서블릿 [jsp]을(를) 위한 Servlet.service() 호출이, 근본 원인(root cause)과 함께, 예외 [JSP를 위한 클래스를 컴파일할 수 없습니다.: 

JSP 파일 [/signUp.jsp]의 [2] 행에서 오류가 발생했습니다.
Syntax error on token "import", delete this token
1: <%@ page language="java" contentType="text/html; charset=UTF-8" pageEncoding="UTF-8"%>
2: <% page import="java.sql.Connection"%>
3: <% page import="java.sql.PrepareStatement"%>
4: <%
5: <!-- 二쇱?以?? ???? email password -->


JSP 파일 [/signUp.jsp]의 [2] 행에서 오류가 발생했습니다.
Syntax error, insert ";" to complete Statement
1: <%@ page language="java" contentType="text/html; charset=UTF-8" pageEncoding="UTF-8"%>
2: <% page import="java.sql.Connection"%>
3: <% page import="java.sql.PrepareStatement"%>
4: <%
5: <!-- 二쇱?以?? ???? email password -->


JSP 파일 [/signUp.jsp]의 [3] 행에서 오류가 발생했습니다.
Syntax error on token "import", delete this token
1: <%@ page language="java" contentType="text/html; charset=UTF-8" pageEncoding="UTF-8"%>
2: <% page import="java.sql.Connection"%>
3: <% page import="java.sql.PrepareStatement"%>
4: <%
5: <!-- 二쇱?以?? ???? email password -->
6: String email =  request.getParameter("email");


JSP 파일 [/signUp.jsp]의 [3] 행에서 오류가 발생했습니다.
Syntax error, insert ";" to complete Statement
1: <%@ page language="java" contentType="text/html; charset=UTF-8" pageEncoding="UTF-8"%>
2: <% page import="java.sql.Connection"%>
3: <% page import="java.sql.PrepareStatement"%>
4: <%
5: <!-- 二쇱?以?? ???? email password -->
6: String email =  request.getParameter("email");


JSP 파일 [/signUp.jsp]의 [5] 행에서 오류가 발생했습니다.
Syntax error on token "<", assert expected
2: <% page import="java.sql.Connection"%>
3: <% page import="java.sql.PrepareStatement"%>
4: <%
5: <!-- 二쇱?以?? ???? email password -->
6: String email =  request.getParameter("email");
7: String password = request.getParameter("password");
8: 


JSP 파일 [/signUp.jsp]의 [5] 행에서 오류가 발생했습니다.
주소줄에 cannot be resolved to a variable
2: <% page import="java.sql.Connection"%>
3: <% page import="java.sql.PrepareStatement"%>
4: <%
5: <!-- 二쇱?以?? ???? email password -->
6: String email =  request.getParameter("email");
7: String password = request.getParameter("password");
8: 


JSP 파일 [/signUp.jsp]의 [5] 행에서 오류가 발생했습니다.
Syntax error on token "있는", ; expected
2: <% page import="java.sql.Connection"%>
3: <% page import="java.sql.PrepareStatement"%>
4: <%
5: <!-- 二쇱?以?? ???? email password -->
6: String email =  request.getParameter("email");
7: String password = request.getParameter("password");
8: 


JSP 파일 [/signUp.jsp]의 [5] 행에서 오류가 발생했습니다.
Syntax error on token "email", -> expected after this token
2: <% page import="java.sql.Connection"%>
3: <% page import="java.sql.PrepareStatement"%>
4: <%
5: <!-- 二쇱?以?? ???? email password -->
6: String email =  request.getParameter("email");
7: String password = request.getParameter("password");
8: 


JSP 파일 [/signUp.jsp]의 [6] 행에서 오류가 발생했습니다.
Syntax error, insert "AssignmentOperator Expression" to complete Assignment
3: <% page import="java.sql.PrepareStatement"%>
4: <%
5: <!-- 二쇱?以?? ???? email password -->
6: String email =  request.getParameter("email");
7: String password = request.getParameter("password");
8: 
9: out.println("email = "+ email);


JSP 파일 [/signUp.jsp]의 [6] 행에서 오류가 발생했습니다.
Syntax error, insert ";" to complete Statement
3: <% page import="java.sql.PrepareStatement"%>
4: <%
5: <!-- 二쇱?以?? ???? email password -->
6: String email =  request.getParameter("email");
7: String password = request.getParameter("password");
8: 
9: out.println("email = "+ email);


JSP 파일 [/signUp.jsp]의 [16] 행에서 오류가 발생했습니다.
Syntax error, insert ";" to complete BlockStatements
13: PrepareStatement pstmt = null;
14: 
15: try{
16:   Class.forName("com.mysql.jdbc.cj.driver")
17: Connection conn =
18:                     DriverManager
19:                             .getConnection("jdbc:mysql://127.0.0.1:3306/pmh",


Stacktrace:]을(를) 발생시켰습니다.
	org.apache.jasper.JasperException: JSP를 위한 클래스를 컴파일할 수 없습니다.: 

JSP 파일 [/signUp.jsp]의 [2] 행에서 오류가 발생했습니다.
Syntax error on token "import", delete this token
1: <%@ page language="java" contentType="text/html; charset=UTF-8" pageEncoding="UTF-8"%>
2: <% page import="java.sql.Connection"%>
3: <% page import="java.sql.PrepareStatement"%>
4: <%
5: <!-- 二쇱?以?? ???? email password -->


JSP 파일 [/signUp.jsp]의 [2] 행에서 오류가 발생했습니다.
Syntax error, insert ";" to complete Statement
1: <%@ page language="java" contentType="text/html; charset=UTF-8" pageEncoding="UTF-8"%>
2: <% page import="java.sql.Connection"%>
3: <% page import="java.sql.PrepareStatement"%>
4: <%
5: <!-- 二쇱?以?? ???? email password -->


JSP 파일 [/signUp.jsp]의 [3] 행에서 오류가 발생했습니다.
Syntax error on token "import", delete this token
1: <%@ page language="java" contentType="text/html; charset=UTF-8" pageEncoding="UTF-8"%>
2: <% page import="java.sql.Connection"%>
3: <% page import="java.sql.PrepareStatement"%>
4: <%
5: <!-- 二쇱?以?? ???? email password -->
6: String email =  request.getParameter("email");


JSP 파일 [/signUp.jsp]의 [3] 행에서 오류가 발생했습니다.
Syntax error, insert ";" to complete Statement
1: <%@ page language="java" contentType="text/html; charset=UTF-8" pageEncoding="UTF-8"%>
2: <% page import="java.sql.Connection"%>
3: <% page import="java.sql.PrepareStatement"%>
4: <%
5: <!-- 二쇱?以?? ???? email password -->
6: String email =  request.getParameter("email");


JSP 파일 [/signUp.jsp]의 [5] 행에서 오류가 발생했습니다.
Syntax error on token "<", assert expected
2: <% page import="java.sql.Connection"%>
3: <% page import="java.sql.PrepareStatement"%>
4: <%
5: <!-- 二쇱?以?? ???? email password -->
6: String email =  request.getParameter("email");
7: String password = request.getParameter("password");
8: 


JSP 파일 [/signUp.jsp]의 [5] 행에서 오류가 발생했습니다.
주소줄에 cannot be resolved to a variable
2: <% page import="java.sql.Connection"%>
3: <% page import="java.sql.PrepareStatement"%>
4: <%
5: <!-- 二쇱?以?? ???? email password -->
6: String email =  request.getParameter("email");
7: String password = request.getParameter("password");
8: 


JSP 파일 [/signUp.jsp]의 [5] 행에서 오류가 발생했습니다.
Syntax error on token "있는", ; expected
2: <% page import="java.sql.Connection"%>
3: <% page import="java.sql.PrepareStatement"%>
4: <%
5: <!-- 二쇱?以?? ???? email password -->
6: String email =  request.getParameter("email");
7: String password = request.getParameter("password");
8: 


JSP 파일 [/signUp.jsp]의 [5] 행에서 오류가 발생했습니다.
Syntax error on token "email", -> expected after this token
2: <% page import="java.sql.Connection"%>
3: <% page import="java.sql.PrepareStatement"%>
4: <%
5: <!-- 二쇱?以?? ???? email password -->
6: String email =  request.getParameter("email");
7: String password = request.getParameter("password");
8: 


JSP 파일 [/signUp.jsp]의 [6] 행에서 오류가 발생했습니다.
Syntax error, insert "AssignmentOperator Expression" to complete Assignment
3: <% page import="java.sql.PrepareStatement"%>
4: <%
5: <!-- 二쇱?以?? ???? email password -->
6: String email =  request.getParameter("email");
7: String password = request.getParameter("password");
8: 
9: out.println("email = "+ email);


JSP 파일 [/signUp.jsp]의 [6] 행에서 오류가 발생했습니다.
Syntax error, insert ";" to complete Statement
3: <% page import="java.sql.PrepareStatement"%>
4: <%
5: <!-- 二쇱?以?? ???? email password -->
6: String email =  request.getParameter("email");
7: String password = request.getParameter("password");
8: 
9: out.println("email = "+ email);


JSP 파일 [/signUp.jsp]의 [16] 행에서 오류가 발생했습니다.
Syntax error, insert ";" to complete BlockStatements
13: PrepareStatement pstmt = null;
14: 
15: try{
16:   Class.forName("com.mysql.jdbc.cj.driver")
17: Connection conn =
18:                     DriverManager
19:                             .getConnection("jdbc:mysql://127.0.0.1:3306/pmh",


Stacktrace:
		at org.apache.jasper.compiler.DefaultErrorHandler.javacError(DefaultErrorHandler.java:81)
		at org.apache.jasper.compiler.ErrorDispatcher.javacError(ErrorDispatcher.java:214)
		at org.apache.jasper.compiler.JDTCompiler.generateClass(JDTCompiler.java:543)
		at org.apache.jasper.compiler.Compiler.compile(Compiler.java:402)
		at org.apache.jasper.compiler.Compiler.compile(Compiler.java:372)
		at org.apache.jasper.compiler.Compiler.compile(Compiler.java:356)
		at org.apache.jasper.JspCompilationContext.compile(JspCompilationContext.java:603)
		at org.apache.jasper.servlet.JspServletWrapper.service(JspServletWrapper.java:396)
		at org.apache.jasper.servlet.JspServlet.serviceJspFile(JspServlet.java:377)
		at org.apache.jasper.servlet.JspServlet.service(JspServlet.java:325)
		at jakarta.servlet.http.HttpServlet.service(HttpServlet.java:658)
		at org.apache.catalina.core.ApplicationFilterChain.internalDoFilter(ApplicationFilterChain.java:195)
		at org.apache.catalina.core.ApplicationFilterChain.doFilter(ApplicationFilterChain.java:140)
		at org.apache.tomcat.websocket.server.WsFilter.doFilter(WsFilter.java:51)
		at org.apache.catalina.core.ApplicationFilterChain.internalDoFilter(ApplicationFilterChain.java:164)
		at org.apache.catalina.core.ApplicationFilterChain.doFilter(ApplicationFilterChain.java:140)
		at org.apache.catalina.core.StandardWrapperValve.invoke(StandardWrapperValve.java:167)
		at org.apache.catalina.core.StandardContextValve.invoke(StandardContextValve.java:90)
		at org.apache.catalina.authenticator.AuthenticatorBase.invoke(AuthenticatorBase.java:483)
		at org.apache.catalina.core.StandardHostValve.invoke(StandardHostValve.java:115)
		at org.apache.catalina.valves.ErrorReportValve.invoke(ErrorReportValve.java:93)
		at org.apache.catalina.valves.AbstractAccessLogValve.invoke(AbstractAccessLogValve.java:663)
		at org.apache.catalina.core.StandardEngineValve.invoke(StandardEngineValve.java:74)
		at org.apache.catalina.connector.CoyoteAdapter.service(CoyoteAdapter.java:344)
		at org.apache.coyote.http11.Http11Processor.service(Http11Processor.java:384)
		at org.apache.coyote.AbstractProcessorLight.process(AbstractProcessorLight.java:63)
		at org.apache.coyote.AbstractProtocol$ConnectionHandler.process(AbstractProtocol.java:904)
		at org.apache.tomcat.util.net.NioEndpoint$SocketProcessor.doRun(NioEndpoint.java:1741)
		at org.apache.tomcat.util.net.SocketProcessorBase.run(SocketProcessorBase.java:52)
		at org.apache.tomcat.util.threads.ThreadPoolExecutor.runWorker(ThreadPoolExecutor.java:1190)
		at org.apache.tomcat.util.threads.ThreadPoolExecutor$Worker.run(ThreadPoolExecutor.java:659)
		at org.apache.tomcat.util.threads.TaskThread$WrappingRunnable.run(TaskThread.java:63)
		at java.base/java.lang.Thread.run(Thread.java:830)
20-Aug-2024 12:46:09.086 SEVERE [http-nio-8080-exec-2] org.apache.catalina.core.StandardWrapperValve.invoke 경로 []의 컨텍스트 내의 서블릿 [jsp]을(를) 위한 Servlet.service() 호출이, 근본 원인(root cause)과 함께, 예외 [JSP를 위한 클래스를 컴파일할 수 없습니다.: 

JSP 파일 [/signUp.jsp]의 [2] 행에서 오류가 발생했습니다.
Syntax error on token "import", delete this token
1: <%@ page language="java" contentType="text/html; charset=UTF-8" pageEncoding="UTF-8"%>
2: <% page import="java.sql.Connection"%>
3: <% page import="java.sql.PreparedStatement"%>
4: <% page import="java.sql.DriverManager"%>
5: <%


JSP 파일 [/signUp.jsp]의 [2] 행에서 오류가 발생했습니다.
Syntax error, insert ";" to complete Statement
1: <%@ page language="java" contentType="text/html; charset=UTF-8" pageEncoding="UTF-8"%>
2: <% page import="java.sql.Connection"%>
3: <% page import="java.sql.PreparedStatement"%>
4: <% page import="java.sql.DriverManager"%>
5: <%


JSP 파일 [/signUp.jsp]의 [3] 행에서 오류가 발생했습니다.
Syntax error on token "import", delete this token
1: <%@ page language="java" contentType="text/html; charset=UTF-8" pageEncoding="UTF-8"%>
2: <% page import="java.sql.Connection"%>
3: <% page import="java.sql.PreparedStatement"%>
4: <% page import="java.sql.DriverManager"%>
5: <%
6: //  二쇱?以?? ???? email password


JSP 파일 [/signUp.jsp]의 [3] 행에서 오류가 발생했습니다.
Syntax error, insert ";" to complete Statement
1: <%@ page language="java" contentType="text/html; charset=UTF-8" pageEncoding="UTF-8"%>
2: <% page import="java.sql.Connection"%>
3: <% page import="java.sql.PreparedStatement"%>
4: <% page import="java.sql.DriverManager"%>
5: <%
6: //  二쇱?以?? ???? email password


JSP 파일 [/signUp.jsp]의 [4] 행에서 오류가 발생했습니다.
Syntax error on token "import", delete this token
1: <%@ page language="java" contentType="text/html; charset=UTF-8" pageEncoding="UTF-8"%>
2: <% page import="java.sql.Connection"%>
3: <% page import="java.sql.PreparedStatement"%>
4: <% page import="java.sql.DriverManager"%>
5: <%
6: //  二쇱?以?? ???? email password
7: String email =  request.getParameter("email");


JSP 파일 [/signUp.jsp]의 [4] 행에서 오류가 발생했습니다.
Syntax error, insert ";" to complete Statement
1: <%@ page language="java" contentType="text/html; charset=UTF-8" pageEncoding="UTF-8"%>
2: <% page import="java.sql.Connection"%>
3: <% page import="java.sql.PreparedStatement"%>
4: <% page import="java.sql.DriverManager"%>
5: <%
6: //  二쇱?以?? ???? email password
7: String email =  request.getParameter("email");


JSP 파일 [/signUp.jsp]의 [13] 행에서 오류가 발생했습니다.
Connection cannot be resolved to a type
10: out.println("email = "+ email);
11: out.println("password = "+password);
12: 
13: Connection conn = null;
14: PreparedStatement pstmt = null;
15: 
16: try{


JSP 파일 [/signUp.jsp]의 [14] 행에서 오류가 발생했습니다.
PreparedStatement cannot be resolved to a type
11: out.println("password = "+password);
12: 
13: Connection conn = null;
14: PreparedStatement pstmt = null;
15: 
16: try{
17:   Class.forName("com.mysql.jdbc.cj.driver");


JSP 파일 [/signUp.jsp]의 [18] 행에서 오류가 발생했습니다.
Connection cannot be resolved to a type
15: 
16: try{
17:   Class.forName("com.mysql.jdbc.cj.driver");
18: Connection conn =
19:                     DriverManager
20:                             .getConnection("jdbc:mysql://127.0.0.1:3306/pmh",
21:                                             "root",


JSP 파일 [/signUp.jsp]의 [18] 행에서 오류가 발생했습니다.
Duplicate local variable conn
15: 
16: try{
17:   Class.forName("com.mysql.jdbc.cj.driver");
18: Connection conn =
19:                     DriverManager
20:                             .getConnection("jdbc:mysql://127.0.0.1:3306/pmh",
21:                                             "root",


JSP 파일 [/signUp.jsp]의 [19] 행에서 오류가 발생했습니다.
DriverManager cannot be resolved
16: try{
17:   Class.forName("com.mysql.jdbc.cj.driver");
18: Connection conn =
19:                     DriverManager
20:                             .getConnection("jdbc:mysql://127.0.0.1:3306/pmh",
21:                                             "root",
22:                                             "12341234");


JSP 파일 [/signUp.jsp]의 [24] 행에서 오류가 발생했습니다.
Syntax error on token "=", delete this token
21:                                             "root",
22:                                             "12341234");
23: 
24:                     = conn.PreparedStatement("INSERT INTO member (name,age) VALUES (?,?)");
25:   pstmt.executeUpdate();
26: 
27: }catch(Exception e){


Stacktrace:]을(를) 발생시켰습니다.
	org.apache.jasper.JasperException: JSP를 위한 클래스를 컴파일할 수 없습니다.: 

JSP 파일 [/signUp.jsp]의 [2] 행에서 오류가 발생했습니다.
Syntax error on token "import", delete this token
1: <%@ page language="java" contentType="text/html; charset=UTF-8" pageEncoding="UTF-8"%>
2: <% page import="java.sql.Connection"%>
3: <% page import="java.sql.PreparedStatement"%>
4: <% page import="java.sql.DriverManager"%>
5: <%


JSP 파일 [/signUp.jsp]의 [2] 행에서 오류가 발생했습니다.
Syntax error, insert ";" to complete Statement
1: <%@ page language="java" contentType="text/html; charset=UTF-8" pageEncoding="UTF-8"%>
2: <% page import="java.sql.Connection"%>
3: <% page import="java.sql.PreparedStatement"%>
4: <% page import="java.sql.DriverManager"%>
5: <%


JSP 파일 [/signUp.jsp]의 [3] 행에서 오류가 발생했습니다.
Syntax error on token "import", delete this token
1: <%@ page language="java" contentType="text/html; charset=UTF-8" pageEncoding="UTF-8"%>
2: <% page import="java.sql.Connection"%>
3: <% page import="java.sql.PreparedStatement"%>
4: <% page import="java.sql.DriverManager"%>
5: <%
6: //  二쇱?以?? ???? email password


JSP 파일 [/signUp.jsp]의 [3] 행에서 오류가 발생했습니다.
Syntax error, insert ";" to complete Statement
1: <%@ page language="java" contentType="text/html; charset=UTF-8" pageEncoding="UTF-8"%>
2: <% page import="java.sql.Connection"%>
3: <% page import="java.sql.PreparedStatement"%>
4: <% page import="java.sql.DriverManager"%>
5: <%
6: //  二쇱?以?? ???? email password


JSP 파일 [/signUp.jsp]의 [4] 행에서 오류가 발생했습니다.
Syntax error on token "import", delete this token
1: <%@ page language="java" contentType="text/html; charset=UTF-8" pageEncoding="UTF-8"%>
2: <% page import="java.sql.Connection"%>
3: <% page import="java.sql.PreparedStatement"%>
4: <% page import="java.sql.DriverManager"%>
5: <%
6: //  二쇱?以?? ???? email password
7: String email =  request.getParameter("email");


JSP 파일 [/signUp.jsp]의 [4] 행에서 오류가 발생했습니다.
Syntax error, insert ";" to complete Statement
1: <%@ page language="java" contentType="text/html; charset=UTF-8" pageEncoding="UTF-8"%>
2: <% page import="java.sql.Connection"%>
3: <% page import="java.sql.PreparedStatement"%>
4: <% page import="java.sql.DriverManager"%>
5: <%
6: //  二쇱?以?? ???? email password
7: String email =  request.getParameter("email");


JSP 파일 [/signUp.jsp]의 [13] 행에서 오류가 발생했습니다.
Connection cannot be resolved to a type
10: out.println("email = "+ email);
11: out.println("password = "+password);
12: 
13: Connection conn = null;
14: PreparedStatement pstmt = null;
15: 
16: try{


JSP 파일 [/signUp.jsp]의 [14] 행에서 오류가 발생했습니다.
PreparedStatement cannot be resolved to a type
11: out.println("password = "+password);
12: 
13: Connection conn = null;
14: PreparedStatement pstmt = null;
15: 
16: try{
17:   Class.forName("com.mysql.jdbc.cj.driver");


JSP 파일 [/signUp.jsp]의 [18] 행에서 오류가 발생했습니다.
Connection cannot be resolved to a type
15: 
16: try{
17:   Class.forName("com.mysql.jdbc.cj.driver");
18: Connection conn =
19:                     DriverManager
20:                             .getConnection("jdbc:mysql://127.0.0.1:3306/pmh",
21:                                             "root",


JSP 파일 [/signUp.jsp]의 [18] 행에서 오류가 발생했습니다.
Duplicate local variable conn
15: 
16: try{
17:   Class.forName("com.mysql.jdbc.cj.driver");
18: Connection conn =
19:                     DriverManager
20:                             .getConnection("jdbc:mysql://127.0.0.1:3306/pmh",
21:                                             "root",


JSP 파일 [/signUp.jsp]의 [19] 행에서 오류가 발생했습니다.
DriverManager cannot be resolved
16: try{
17:   Class.forName("com.mysql.jdbc.cj.driver");
18: Connection conn =
19:                     DriverManager
20:                             .getConnection("jdbc:mysql://127.0.0.1:3306/pmh",
21:                                             "root",
22:                                             "12341234");


JSP 파일 [/signUp.jsp]의 [24] 행에서 오류가 발생했습니다.
Syntax error on token "=", delete this token
21:                                             "root",
22:                                             "12341234");
23: 
24:                     = conn.PreparedStatement("INSERT INTO member (name,age) VALUES (?,?)");
25:   pstmt.executeUpdate();
26: 
27: }catch(Exception e){


Stacktrace:
		at org.apache.jasper.compiler.DefaultErrorHandler.javacError(DefaultErrorHandler.java:81)
		at org.apache.jasper.compiler.ErrorDispatcher.javacError(ErrorDispatcher.java:214)
		at org.apache.jasper.compiler.JDTCompiler.generateClass(JDTCompiler.java:543)
		at org.apache.jasper.compiler.Compiler.compile(Compiler.java:402)
		at org.apache.jasper.compiler.Compiler.compile(Compiler.java:372)
		at org.apache.jasper.compiler.Compiler.compile(Compiler.java:356)
		at org.apache.jasper.JspCompilationContext.compile(JspCompilationContext.java:603)
		at org.apache.jasper.servlet.JspServletWrapper.service(JspServletWrapper.java:396)
		at org.apache.jasper.servlet.JspServlet.serviceJspFile(JspServlet.java:377)
		at org.apache.jasper.servlet.JspServlet.service(JspServlet.java:325)
		at jakarta.servlet.http.HttpServlet.service(HttpServlet.java:658)
		at org.apache.catalina.core.ApplicationFilterChain.internalDoFilter(ApplicationFilterChain.java:195)
		at org.apache.catalina.core.ApplicationFilterChain.doFilter(ApplicationFilterChain.java:140)
		at org.apache.tomcat.websocket.server.WsFilter.doFilter(WsFilter.java:51)
		at org.apache.catalina.core.ApplicationFilterChain.internalDoFilter(ApplicationFilterChain.java:164)
		at org.apache.catalina.core.ApplicationFilterChain.doFilter(ApplicationFilterChain.java:140)
		at org.apache.catalina.core.StandardWrapperValve.invoke(StandardWrapperValve.java:167)
		at org.apache.catalina.core.StandardContextValve.invoke(StandardContextValve.java:90)
		at org.apache.catalina.authenticator.AuthenticatorBase.invoke(AuthenticatorBase.java:483)
		at org.apache.catalina.core.StandardHostValve.invoke(StandardHostValve.java:115)
		at org.apache.catalina.valves.ErrorReportValve.invoke(ErrorReportValve.java:93)
		at org.apache.catalina.valves.AbstractAccessLogValve.invoke(AbstractAccessLogValve.java:663)
		at org.apache.catalina.core.StandardEngineValve.invoke(StandardEngineValve.java:74)
		at org.apache.catalina.connector.CoyoteAdapter.service(CoyoteAdapter.java:344)
		at org.apache.coyote.http11.Http11Processor.service(Http11Processor.java:384)
		at org.apache.coyote.AbstractProcessorLight.process(AbstractProcessorLight.java:63)
		at org.apache.coyote.AbstractProtocol$ConnectionHandler.process(AbstractProtocol.java:904)
		at org.apache.tomcat.util.net.NioEndpoint$SocketProcessor.doRun(NioEndpoint.java:1741)
		at org.apache.tomcat.util.net.SocketProcessorBase.run(SocketProcessorBase.java:52)
		at org.apache.tomcat.util.threads.ThreadPoolExecutor.runWorker(ThreadPoolExecutor.java:1190)
		at org.apache.tomcat.util.threads.ThreadPoolExecutor$Worker.run(ThreadPoolExecutor.java:659)
		at org.apache.tomcat.util.threads.TaskThread$WrappingRunnable.run(TaskThread.java:63)
		at java.base/java.lang.Thread.run(Thread.java:830)
20-Aug-2024 12:47:31.895 SEVERE [http-nio-8080-exec-6] org.apache.catalina.core.StandardWrapperValve.invoke 경로 []의 컨텍스트 내의 서블릿 [jsp]을(를) 위한 Servlet.service() 호출이, 근본 원인(root cause)과 함께, 예외 [JSP를 위한 클래스를 컴파일할 수 없습니다.: 

JSP 파일 [/signUp.jsp]의 [2] 행에서 오류가 발생했습니다.
Syntax error on token "import", delete this token
1: <%@ page language="java" contentType="text/html; charset=UTF-8" pageEncoding="UTF-8"%>
2: <% page import="java.sql.Connection"%>
3: <% page import="java.sql.PreparedStatement"%>
4: <% page import="java.sql.DriverManager"%>
5: <%


JSP 파일 [/signUp.jsp]의 [2] 행에서 오류가 발생했습니다.
Syntax error, insert ";" to complete Statement
1: <%@ page language="java" contentType="text/html; charset=UTF-8" pageEncoding="UTF-8"%>
2: <% page import="java.sql.Connection"%>
3: <% page import="java.sql.PreparedStatement"%>
4: <% page import="java.sql.DriverManager"%>
5: <%


JSP 파일 [/signUp.jsp]의 [3] 행에서 오류가 발생했습니다.
Syntax error on token "import", delete this token
1: <%@ page language="java" contentType="text/html; charset=UTF-8" pageEncoding="UTF-8"%>
2: <% page import="java.sql.Connection"%>
3: <% page import="java.sql.PreparedStatement"%>
4: <% page import="java.sql.DriverManager"%>
5: <%
6: //  二쇱?以?? ???? email password


JSP 파일 [/signUp.jsp]의 [3] 행에서 오류가 발생했습니다.
Syntax error, insert ";" to complete Statement
1: <%@ page language="java" contentType="text/html; charset=UTF-8" pageEncoding="UTF-8"%>
2: <% page import="java.sql.Connection"%>
3: <% page import="java.sql.PreparedStatement"%>
4: <% page import="java.sql.DriverManager"%>
5: <%
6: //  二쇱?以?? ???? email password


JSP 파일 [/signUp.jsp]의 [4] 행에서 오류가 발생했습니다.
Syntax error on token "import", delete this token
1: <%@ page language="java" contentType="text/html; charset=UTF-8" pageEncoding="UTF-8"%>
2: <% page import="java.sql.Connection"%>
3: <% page import="java.sql.PreparedStatement"%>
4: <% page import="java.sql.DriverManager"%>
5: <%
6: //  二쇱?以?? ???? email password
7: String email =  request.getParameter("email");


JSP 파일 [/signUp.jsp]의 [4] 행에서 오류가 발생했습니다.
Syntax error, insert ";" to complete Statement
1: <%@ page language="java" contentType="text/html; charset=UTF-8" pageEncoding="UTF-8"%>
2: <% page import="java.sql.Connection"%>
3: <% page import="java.sql.PreparedStatement"%>
4: <% page import="java.sql.DriverManager"%>
5: <%
6: //  二쇱?以?? ???? email password
7: String email =  request.getParameter("email");


JSP 파일 [/signUp.jsp]의 [13] 행에서 오류가 발생했습니다.
Connection cannot be resolved to a type
10: out.println("email = "+ email);
11: out.println("password = "+password);
12: 
13: Connection conn = null;
14: PreparedStatement pstmt = null;
15: 
16: try{


JSP 파일 [/signUp.jsp]의 [14] 행에서 오류가 발생했습니다.
PreparedStatement cannot be resolved to a type
11: out.println("password = "+password);
12: 
13: Connection conn = null;
14: PreparedStatement pstmt = null;
15: 
16: try{
17:   Class.forName("com.mysql.jdbc.cj.driver");


JSP 파일 [/signUp.jsp]의 [18] 행에서 오류가 발생했습니다.
Connection cannot be resolved to a type
15: 
16: try{
17:   Class.forName("com.mysql.jdbc.cj.driver");
18: Connection conn =
19:                     DriverManager
20:                             .getConnection("jdbc:mysql://127.0.0.1:3306/pmh",
21:                                             "root",


JSP 파일 [/signUp.jsp]의 [18] 행에서 오류가 발생했습니다.
Duplicate local variable conn
15: 
16: try{
17:   Class.forName("com.mysql.jdbc.cj.driver");
18: Connection conn =
19:                     DriverManager
20:                             .getConnection("jdbc:mysql://127.0.0.1:3306/pmh",
21:                                             "root",


JSP 파일 [/signUp.jsp]의 [19] 행에서 오류가 발생했습니다.
DriverManager cannot be resolved
16: try{
17:   Class.forName("com.mysql.jdbc.cj.driver");
18: Connection conn =
19:                     DriverManager
20:                             .getConnection("jdbc:mysql://127.0.0.1:3306/pmh",
21:                                             "root",
22:                                             "12341234");


JSP 파일 [/signUp.jsp]의 [24] 행에서 오류가 발생했습니다.
Syntax error on token "=", delete this token
21:                                             "root",
22:                                             "12341234");
23: 
24:                     = conn.PreparedStatement("INSERT INTO member (name,age) VALUES (?,?)");
25:   pstmt.executeUpdate();
26: 
27: }catch(Exception e){


Stacktrace:]을(를) 발생시켰습니다.
	org.apache.jasper.JasperException: JSP를 위한 클래스를 컴파일할 수 없습니다.: 

JSP 파일 [/signUp.jsp]의 [2] 행에서 오류가 발생했습니다.
Syntax error on token "import", delete this token
1: <%@ page language="java" contentType="text/html; charset=UTF-8" pageEncoding="UTF-8"%>
2: <% page import="java.sql.Connection"%>
3: <% page import="java.sql.PreparedStatement"%>
4: <% page import="java.sql.DriverManager"%>
5: <%


JSP 파일 [/signUp.jsp]의 [2] 행에서 오류가 발생했습니다.
Syntax error, insert ";" to complete Statement
1: <%@ page language="java" contentType="text/html; charset=UTF-8" pageEncoding="UTF-8"%>
2: <% page import="java.sql.Connection"%>
3: <% page import="java.sql.PreparedStatement"%>
4: <% page import="java.sql.DriverManager"%>
5: <%


JSP 파일 [/signUp.jsp]의 [3] 행에서 오류가 발생했습니다.
Syntax error on token "import", delete this token
1: <%@ page language="java" contentType="text/html; charset=UTF-8" pageEncoding="UTF-8"%>
2: <% page import="java.sql.Connection"%>
3: <% page import="java.sql.PreparedStatement"%>
4: <% page import="java.sql.DriverManager"%>
5: <%
6: //  二쇱?以?? ???? email password


JSP 파일 [/signUp.jsp]의 [3] 행에서 오류가 발생했습니다.
Syntax error, insert ";" to complete Statement
1: <%@ page language="java" contentType="text/html; charset=UTF-8" pageEncoding="UTF-8"%>
2: <% page import="java.sql.Connection"%>
3: <% page import="java.sql.PreparedStatement"%>
4: <% page import="java.sql.DriverManager"%>
5: <%
6: //  二쇱?以?? ???? email password


JSP 파일 [/signUp.jsp]의 [4] 행에서 오류가 발생했습니다.
Syntax error on token "import", delete this token
1: <%@ page language="java" contentType="text/html; charset=UTF-8" pageEncoding="UTF-8"%>
2: <% page import="java.sql.Connection"%>
3: <% page import="java.sql.PreparedStatement"%>
4: <% page import="java.sql.DriverManager"%>
5: <%
6: //  二쇱?以?? ???? email password
7: String email =  request.getParameter("email");


JSP 파일 [/signUp.jsp]의 [4] 행에서 오류가 발생했습니다.
Syntax error, insert ";" to complete Statement
1: <%@ page language="java" contentType="text/html; charset=UTF-8" pageEncoding="UTF-8"%>
2: <% page import="java.sql.Connection"%>
3: <% page import="java.sql.PreparedStatement"%>
4: <% page import="java.sql.DriverManager"%>
5: <%
6: //  二쇱?以?? ???? email password
7: String email =  request.getParameter("email");


JSP 파일 [/signUp.jsp]의 [13] 행에서 오류가 발생했습니다.
Connection cannot be resolved to a type
10: out.println("email = "+ email);
11: out.println("password = "+password);
12: 
13: Connection conn = null;
14: PreparedStatement pstmt = null;
15: 
16: try{


JSP 파일 [/signUp.jsp]의 [14] 행에서 오류가 발생했습니다.
PreparedStatement cannot be resolved to a type
11: out.println("password = "+password);
12: 
13: Connection conn = null;
14: PreparedStatement pstmt = null;
15: 
16: try{
17:   Class.forName("com.mysql.jdbc.cj.driver");


JSP 파일 [/signUp.jsp]의 [18] 행에서 오류가 발생했습니다.
Connection cannot be resolved to a type
15: 
16: try{
17:   Class.forName("com.mysql.jdbc.cj.driver");
18: Connection conn =
19:                     DriverManager
20:                             .getConnection("jdbc:mysql://127.0.0.1:3306/pmh",
21:                                             "root",


JSP 파일 [/signUp.jsp]의 [18] 행에서 오류가 발생했습니다.
Duplicate local variable conn
15: 
16: try{
17:   Class.forName("com.mysql.jdbc.cj.driver");
18: Connection conn =
19:                     DriverManager
20:                             .getConnection("jdbc:mysql://127.0.0.1:3306/pmh",
21:                                             "root",


JSP 파일 [/signUp.jsp]의 [19] 행에서 오류가 발생했습니다.
DriverManager cannot be resolved
16: try{
17:   Class.forName("com.mysql.jdbc.cj.driver");
18: Connection conn =
19:                     DriverManager
20:                             .getConnection("jdbc:mysql://127.0.0.1:3306/pmh",
21:                                             "root",
22:                                             "12341234");


JSP 파일 [/signUp.jsp]의 [24] 행에서 오류가 발생했습니다.
Syntax error on token "=", delete this token
21:                                             "root",
22:                                             "12341234");
23: 
24:                     = conn.PreparedStatement("INSERT INTO member (name,age) VALUES (?,?)");
25:   pstmt.executeUpdate();
26: 
27: }catch(Exception e){


Stacktrace:
		at org.apache.jasper.compiler.DefaultErrorHandler.javacError(DefaultErrorHandler.java:81)
		at org.apache.jasper.compiler.ErrorDispatcher.javacError(ErrorDispatcher.java:214)
		at org.apache.jasper.compiler.JDTCompiler.generateClass(JDTCompiler.java:543)
		at org.apache.jasper.compiler.Compiler.compile(Compiler.java:402)
		at org.apache.jasper.compiler.Compiler.compile(Compiler.java:372)
		at org.apache.jasper.compiler.Compiler.compile(Compiler.java:356)
		at org.apache.jasper.JspCompilationContext.compile(JspCompilationContext.java:603)
		at org.apache.jasper.servlet.JspServletWrapper.service(JspServletWrapper.java:396)
		at org.apache.jasper.servlet.JspServlet.serviceJspFile(JspServlet.java:377)
		at org.apache.jasper.servlet.JspServlet.service(JspServlet.java:325)
		at jakarta.servlet.http.HttpServlet.service(HttpServlet.java:658)
		at org.apache.catalina.core.ApplicationFilterChain.internalDoFilter(ApplicationFilterChain.java:195)
		at org.apache.catalina.core.ApplicationFilterChain.doFilter(ApplicationFilterChain.java:140)
		at org.apache.tomcat.websocket.server.WsFilter.doFilter(WsFilter.java:51)
		at org.apache.catalina.core.ApplicationFilterChain.internalDoFilter(ApplicationFilterChain.java:164)
		at org.apache.catalina.core.ApplicationFilterChain.doFilter(ApplicationFilterChain.java:140)
		at org.apache.catalina.core.StandardWrapperValve.invoke(StandardWrapperValve.java:167)
		at org.apache.catalina.core.StandardContextValve.invoke(StandardContextValve.java:90)
		at org.apache.catalina.authenticator.AuthenticatorBase.invoke(AuthenticatorBase.java:483)
		at org.apache.catalina.core.StandardHostValve.invoke(StandardHostValve.java:115)
		at org.apache.catalina.valves.ErrorReportValve.invoke(ErrorReportValve.java:93)
		at org.apache.catalina.valves.AbstractAccessLogValve.invoke(AbstractAccessLogValve.java:663)
		at org.apache.catalina.core.StandardEngineValve.invoke(StandardEngineValve.java:74)
		at org.apache.catalina.connector.CoyoteAdapter.service(CoyoteAdapter.java:344)
		at org.apache.coyote.http11.Http11Processor.service(Http11Processor.java:384)
		at org.apache.coyote.AbstractProcessorLight.process(AbstractProcessorLight.java:63)
		at org.apache.coyote.AbstractProtocol$ConnectionHandler.process(AbstractProtocol.java:904)
		at org.apache.tomcat.util.net.NioEndpoint$SocketProcessor.doRun(NioEndpoint.java:1741)
		at org.apache.tomcat.util.net.SocketProcessorBase.run(SocketProcessorBase.java:52)
		at org.apache.tomcat.util.threads.ThreadPoolExecutor.runWorker(ThreadPoolExecutor.java:1190)
		at org.apache.tomcat.util.threads.ThreadPoolExecutor$Worker.run(ThreadPoolExecutor.java:659)
		at org.apache.tomcat.util.threads.TaskThread$WrappingRunnable.run(TaskThread.java:63)
		at java.base/java.lang.Thread.run(Thread.java:830)
20-Aug-2024 12:48:31.093 SEVERE [http-nio-8080-exec-8] org.apache.catalina.core.StandardWrapperValve.invoke 경로 []의 컨텍스트 내의 서블릿 [jsp]을(를) 위한 Servlet.service() 호출이, 근본 원인(root cause)과 함께, 예외 [JSP를 위한 클래스를 컴파일할 수 없습니다.: 

JSP 파일 [/signUp.jsp]의 [18] 행에서 오류가 발생했습니다.
Duplicate local variable conn
15: 
16: try{
17:   Class.forName("com.mysql.jdbc.cj.driver");
18: Connection conn =
19:                     DriverManager
20:                             .getConnection("jdbc:mysql://127.0.0.1:3306/pmh",
21:                                             "root",


JSP 파일 [/signUp.jsp]의 [24] 행에서 오류가 발생했습니다.
Syntax error on token "=", delete this token
21:                                             "root",
22:                                             "12341234");
23: 
24:                     = conn.PreparedStatement("INSERT INTO member (name,age) VALUES (?,?)");
25:   pstmt.executeUpdate();
26: 
27: }catch(Exception e){


JSP 파일 [/signUp.jsp]의 [24] 행에서 오류가 발생했습니다.
The method PreparedStatement(String) is undefined for the type Connection
21:                                             "root",
22:                                             "12341234");
23: 
24:                     = conn.PreparedStatement("INSERT INTO member (name,age) VALUES (?,?)");
25:   pstmt.executeUpdate();
26: 
27: }catch(Exception e){


Stacktrace:]을(를) 발생시켰습니다.
	org.apache.jasper.JasperException: JSP를 위한 클래스를 컴파일할 수 없습니다.: 

JSP 파일 [/signUp.jsp]의 [18] 행에서 오류가 발생했습니다.
Duplicate local variable conn
15: 
16: try{
17:   Class.forName("com.mysql.jdbc.cj.driver");
18: Connection conn =
19:                     DriverManager
20:                             .getConnection("jdbc:mysql://127.0.0.1:3306/pmh",
21:                                             "root",


JSP 파일 [/signUp.jsp]의 [24] 행에서 오류가 발생했습니다.
Syntax error on token "=", delete this token
21:                                             "root",
22:                                             "12341234");
23: 
24:                     = conn.PreparedStatement("INSERT INTO member (name,age) VALUES (?,?)");
25:   pstmt.executeUpdate();
26: 
27: }catch(Exception e){


JSP 파일 [/signUp.jsp]의 [24] 행에서 오류가 발생했습니다.
The method PreparedStatement(String) is undefined for the type Connection
21:                                             "root",
22:                                             "12341234");
23: 
24:                     = conn.PreparedStatement("INSERT INTO member (name,age) VALUES (?,?)");
25:   pstmt.executeUpdate();
26: 
27: }catch(Exception e){


Stacktrace:
		at org.apache.jasper.compiler.DefaultErrorHandler.javacError(DefaultErrorHandler.java:81)
		at org.apache.jasper.compiler.ErrorDispatcher.javacError(ErrorDispatcher.java:214)
		at org.apache.jasper.compiler.JDTCompiler.generateClass(JDTCompiler.java:543)
		at org.apache.jasper.compiler.Compiler.compile(Compiler.java:402)
		at org.apache.jasper.compiler.Compiler.compile(Compiler.java:372)
		at org.apache.jasper.compiler.Compiler.compile(Compiler.java:356)
		at org.apache.jasper.JspCompilationContext.compile(JspCompilationContext.java:603)
		at org.apache.jasper.servlet.JspServletWrapper.service(JspServletWrapper.java:396)
		at org.apache.jasper.servlet.JspServlet.serviceJspFile(JspServlet.java:377)
		at org.apache.jasper.servlet.JspServlet.service(JspServlet.java:325)
		at jakarta.servlet.http.HttpServlet.service(HttpServlet.java:658)
		at org.apache.catalina.core.ApplicationFilterChain.internalDoFilter(ApplicationFilterChain.java:195)
		at org.apache.catalina.core.ApplicationFilterChain.doFilter(ApplicationFilterChain.java:140)
		at org.apache.tomcat.websocket.server.WsFilter.doFilter(WsFilter.java:51)
		at org.apache.catalina.core.ApplicationFilterChain.internalDoFilter(ApplicationFilterChain.java:164)
		at org.apache.catalina.core.ApplicationFilterChain.doFilter(ApplicationFilterChain.java:140)
		at org.apache.catalina.core.StandardWrapperValve.invoke(StandardWrapperValve.java:167)
		at org.apache.catalina.core.StandardContextValve.invoke(StandardContextValve.java:90)
		at org.apache.catalina.authenticator.AuthenticatorBase.invoke(AuthenticatorBase.java:483)
		at org.apache.catalina.core.StandardHostValve.invoke(StandardHostValve.java:115)
		at org.apache.catalina.valves.ErrorReportValve.invoke(ErrorReportValve.java:93)
		at org.apache.catalina.valves.AbstractAccessLogValve.invoke(AbstractAccessLogValve.java:663)
		at org.apache.catalina.core.StandardEngineValve.invoke(StandardEngineValve.java:74)
		at org.apache.catalina.connector.CoyoteAdapter.service(CoyoteAdapter.java:344)
		at org.apache.coyote.http11.Http11Processor.service(Http11Processor.java:384)
		at org.apache.coyote.AbstractProcessorLight.process(AbstractProcessorLight.java:63)
		at org.apache.coyote.AbstractProtocol$ConnectionHandler.process(AbstractProtocol.java:904)
		at org.apache.tomcat.util.net.NioEndpoint$SocketProcessor.doRun(NioEndpoint.java:1741)
		at org.apache.tomcat.util.net.SocketProcessorBase.run(SocketProcessorBase.java:52)
		at org.apache.tomcat.util.threads.ThreadPoolExecutor.runWorker(ThreadPoolExecutor.java:1190)
		at org.apache.tomcat.util.threads.ThreadPoolExecutor$Worker.run(ThreadPoolExecutor.java:659)
		at org.apache.tomcat.util.threads.TaskThread$WrappingRunnable.run(TaskThread.java:63)
		at java.base/java.lang.Thread.run(Thread.java:830)
20-Aug-2024 12:51:21.723 SEVERE [http-nio-8080-exec-3] org.apache.catalina.core.StandardWrapperValve.invoke 경로 []의 컨텍스트 내의 서블릿 [jsp]을(를) 위한 Servlet.service() 호출이, 근본 원인(root cause)과 함께, 예외 [JSP를 위한 클래스를 컴파일할 수 없습니다.: 

JSP 파일 [/signUp.jsp]의 [24] 행에서 오류가 발생했습니다.
The method PreparedStatement(String) is undefined for the type Connection
21:                                             "root",
22:                                             "12341234");
23: 
24:                    pstmt = conn.PreparedStatement("INSERT INTO member (email,password) VALUES (?,?)");
25: pstmt.setString(1,email);
26: pstmt.setString(2,password);
27: 


Stacktrace:]을(를) 발생시켰습니다.
	org.apache.jasper.JasperException: JSP를 위한 클래스를 컴파일할 수 없습니다.: 

JSP 파일 [/signUp.jsp]의 [24] 행에서 오류가 발생했습니다.
The method PreparedStatement(String) is undefined for the type Connection
21:                                             "root",
22:                                             "12341234");
23: 
24:                    pstmt = conn.PreparedStatement("INSERT INTO member (email,password) VALUES (?,?)");
25: pstmt.setString(1,email);
26: pstmt.setString(2,password);
27: 


Stacktrace:
		at org.apache.jasper.compiler.DefaultErrorHandler.javacError(DefaultErrorHandler.java:81)
		at org.apache.jasper.compiler.ErrorDispatcher.javacError(ErrorDispatcher.java:214)
		at org.apache.jasper.compiler.JDTCompiler.generateClass(JDTCompiler.java:543)
		at org.apache.jasper.compiler.Compiler.compile(Compiler.java:402)
		at org.apache.jasper.compiler.Compiler.compile(Compiler.java:372)
		at org.apache.jasper.compiler.Compiler.compile(Compiler.java:356)
		at org.apache.jasper.JspCompilationContext.compile(JspCompilationContext.java:603)
		at org.apache.jasper.servlet.JspServletWrapper.service(JspServletWrapper.java:396)
		at org.apache.jasper.servlet.JspServlet.serviceJspFile(JspServlet.java:377)
		at org.apache.jasper.servlet.JspServlet.service(JspServlet.java:325)
		at jakarta.servlet.http.HttpServlet.service(HttpServlet.java:658)
		at org.apache.catalina.core.ApplicationFilterChain.internalDoFilter(ApplicationFilterChain.java:195)
		at org.apache.catalina.core.ApplicationFilterChain.doFilter(ApplicationFilterChain.java:140)
		at org.apache.tomcat.websocket.server.WsFilter.doFilter(WsFilter.java:51)
		at org.apache.catalina.core.ApplicationFilterChain.internalDoFilter(ApplicationFilterChain.java:164)
		at org.apache.catalina.core.ApplicationFilterChain.doFilter(ApplicationFilterChain.java:140)
		at org.apache.catalina.core.StandardWrapperValve.invoke(StandardWrapperValve.java:167)
		at org.apache.catalina.core.StandardContextValve.invoke(StandardContextValve.java:90)
		at org.apache.catalina.authenticator.AuthenticatorBase.invoke(AuthenticatorBase.java:483)
		at org.apache.catalina.core.StandardHostValve.invoke(StandardHostValve.java:115)
		at org.apache.catalina.valves.ErrorReportValve.invoke(ErrorReportValve.java:93)
		at org.apache.catalina.valves.AbstractAccessLogValve.invoke(AbstractAccessLogValve.java:663)
		at org.apache.catalina.core.StandardEngineValve.invoke(StandardEngineValve.java:74)
		at org.apache.catalina.connector.CoyoteAdapter.service(CoyoteAdapter.java:344)
		at org.apache.coyote.http11.Http11Processor.service(Http11Processor.java:384)
		at org.apache.coyote.AbstractProcessorLight.process(AbstractProcessorLight.java:63)
		at org.apache.coyote.AbstractProtocol$ConnectionHandler.process(AbstractProtocol.java:904)
		at org.apache.tomcat.util.net.NioEndpoint$SocketProcessor.doRun(NioEndpoint.java:1741)
		at org.apache.tomcat.util.net.SocketProcessorBase.run(SocketProcessorBase.java:52)
		at org.apache.tomcat.util.threads.ThreadPoolExecutor.runWorker(ThreadPoolExecutor.java:1190)
		at org.apache.tomcat.util.threads.ThreadPoolExecutor$Worker.run(ThreadPoolExecutor.java:659)
		at org.apache.tomcat.util.threads.TaskThread$WrappingRunnable.run(TaskThread.java:63)
		at java.base/java.lang.Thread.run(Thread.java:830)
20-Aug-2024 13:07:17.891 SEVERE [http-nio-8080-exec-10] org.apache.catalina.core.StandardWrapperValve.invoke 경로 []의 컨텍스트 내의 서블릿 [jsp]을(를) 위한 Servlet.service() 호출이, 근본 원인(root cause)과 함께, 예외 [JSP를 위한 클래스를 컴파일할 수 없습니다.: 

JSP 파일 [/signUp.jsp]의 [36] 행에서 오류가 발생했습니다.
respanse cannot be resolved
33: 
34: }
35: // insert ??猷? ??怨? ???? login.jsp濡? 媛????? 紐????.
36: respanse.sendRedirect("login.jsp");
37: %>


Stacktrace:]을(를) 발생시켰습니다.
	org.apache.jasper.JasperException: JSP를 위한 클래스를 컴파일할 수 없습니다.: 

JSP 파일 [/signUp.jsp]의 [36] 행에서 오류가 발생했습니다.
respanse cannot be resolved
33: 
34: }
35: // insert ??猷? ??怨? ???? login.jsp濡? 媛????? 紐????.
36: respanse.sendRedirect("login.jsp");
37: %>


Stacktrace:
		at org.apache.jasper.compiler.DefaultErrorHandler.javacError(DefaultErrorHandler.java:81)
		at org.apache.jasper.compiler.ErrorDispatcher.javacError(ErrorDispatcher.java:214)
		at org.apache.jasper.compiler.JDTCompiler.generateClass(JDTCompiler.java:543)
		at org.apache.jasper.compiler.Compiler.compile(Compiler.java:402)
		at org.apache.jasper.compiler.Compiler.compile(Compiler.java:372)
		at org.apache.jasper.compiler.Compiler.compile(Compiler.java:356)
		at org.apache.jasper.JspCompilationContext.compile(JspCompilationContext.java:603)
		at org.apache.jasper.servlet.JspServletWrapper.service(JspServletWrapper.java:396)
		at org.apache.jasper.servlet.JspServlet.serviceJspFile(JspServlet.java:377)
		at org.apache.jasper.servlet.JspServlet.service(JspServlet.java:325)
		at jakarta.servlet.http.HttpServlet.service(HttpServlet.java:658)
		at org.apache.catalina.core.ApplicationFilterChain.internalDoFilter(ApplicationFilterChain.java:195)
		at org.apache.catalina.core.ApplicationFilterChain.doFilter(ApplicationFilterChain.java:140)
		at org.apache.tomcat.websocket.server.WsFilter.doFilter(WsFilter.java:51)
		at org.apache.catalina.core.ApplicationFilterChain.internalDoFilter(ApplicationFilterChain.java:164)
		at org.apache.catalina.core.ApplicationFilterChain.doFilter(ApplicationFilterChain.java:140)
		at org.apache.catalina.core.StandardWrapperValve.invoke(StandardWrapperValve.java:167)
		at org.apache.catalina.core.StandardContextValve.invoke(StandardContextValve.java:90)
		at org.apache.catalina.authenticator.AuthenticatorBase.invoke(AuthenticatorBase.java:483)
		at org.apache.catalina.core.StandardHostValve.invoke(StandardHostValve.java:115)
		at org.apache.catalina.valves.ErrorReportValve.invoke(ErrorReportValve.java:93)
		at org.apache.catalina.valves.AbstractAccessLogValve.invoke(AbstractAccessLogValve.java:663)
		at org.apache.catalina.core.StandardEngineValve.invoke(StandardEngineValve.java:74)
		at org.apache.catalina.connector.CoyoteAdapter.service(CoyoteAdapter.java:344)
		at org.apache.coyote.http11.Http11Processor.service(Http11Processor.java:384)
		at org.apache.coyote.AbstractProcessorLight.process(AbstractProcessorLight.java:63)
		at org.apache.coyote.AbstractProtocol$ConnectionHandler.process(AbstractProtocol.java:904)
		at org.apache.tomcat.util.net.NioEndpoint$SocketProcessor.doRun(NioEndpoint.java:1741)
		at org.apache.tomcat.util.net.SocketProcessorBase.run(SocketProcessorBase.java:52)
		at org.apache.tomcat.util.threads.ThreadPoolExecutor.runWorker(ThreadPoolExecutor.java:1190)
		at org.apache.tomcat.util.threads.ThreadPoolExecutor$Worker.run(ThreadPoolExecutor.java:659)
		at org.apache.tomcat.util.threads.TaskThread$WrappingRunnable.run(TaskThread.java:63)
		at java.base/java.lang.Thread.run(Thread.java:830)
20-Aug-2024 13:07:50.532 SEVERE [http-nio-8080-exec-5] org.apache.catalina.core.StandardWrapperValve.invoke 경로 []의 컨텍스트 내의 서블릿 [jsp]을(를) 위한 Servlet.service() 호출이, 근본 원인(root cause)과 함께, 예외 [JSP를 위한 클래스를 컴파일할 수 없습니다.: 

JSP 파일 [/login.jsp]의 [3] 행에서 오류가 발생했습니다.
Srting cannot be resolved to a type
1: <%@ page language="java" contentType="text/html; charset=UTF-8" pageEncoding="UTF-8"%>
2: <%
3:    Srting req = request.getParameter("aa");
4:    if(req.equals("bb"))
5:    out.println("????媛????? ??猷??????????.")
6:    out.println(req);


JSP 파일 [/login.jsp]의 [5] 행에서 오류가 발생했습니다.
Syntax error, insert ";" to complete Statement
2: <%
3:    Srting req = request.getParameter("aa");
4:    if(req.equals("bb"))
5:    out.println("????媛????? ??猷??????????.")
6:    out.println(req);
7: %>
8: <!doctype html>


Stacktrace:]을(를) 발생시켰습니다.
	org.apache.jasper.JasperException: JSP를 위한 클래스를 컴파일할 수 없습니다.: 

JSP 파일 [/login.jsp]의 [3] 행에서 오류가 발생했습니다.
Srting cannot be resolved to a type
1: <%@ page language="java" contentType="text/html; charset=UTF-8" pageEncoding="UTF-8"%>
2: <%
3:    Srting req = request.getParameter("aa");
4:    if(req.equals("bb"))
5:    out.println("????媛????? ??猷??????????.")
6:    out.println(req);


JSP 파일 [/login.jsp]의 [5] 행에서 오류가 발생했습니다.
Syntax error, insert ";" to complete Statement
2: <%
3:    Srting req = request.getParameter("aa");
4:    if(req.equals("bb"))
5:    out.println("????媛????? ??猷??????????.")
6:    out.println(req);
7: %>
8: <!doctype html>


Stacktrace:
		at org.apache.jasper.compiler.DefaultErrorHandler.javacError(DefaultErrorHandler.java:81)
		at org.apache.jasper.compiler.ErrorDispatcher.javacError(ErrorDispatcher.java:214)
		at org.apache.jasper.compiler.JDTCompiler.generateClass(JDTCompiler.java:543)
		at org.apache.jasper.compiler.Compiler.compile(Compiler.java:402)
		at org.apache.jasper.compiler.Compiler.compile(Compiler.java:372)
		at org.apache.jasper.compiler.Compiler.compile(Compiler.java:356)
		at org.apache.jasper.JspCompilationContext.compile(JspCompilationContext.java:603)
		at org.apache.jasper.servlet.JspServletWrapper.service(JspServletWrapper.java:396)
		at org.apache.jasper.servlet.JspServlet.serviceJspFile(JspServlet.java:377)
		at org.apache.jasper.servlet.JspServlet.service(JspServlet.java:325)
		at jakarta.servlet.http.HttpServlet.service(HttpServlet.java:658)
		at org.apache.catalina.core.ApplicationFilterChain.internalDoFilter(ApplicationFilterChain.java:195)
		at org.apache.catalina.core.ApplicationFilterChain.doFilter(ApplicationFilterChain.java:140)
		at org.apache.tomcat.websocket.server.WsFilter.doFilter(WsFilter.java:51)
		at org.apache.catalina.core.ApplicationFilterChain.internalDoFilter(ApplicationFilterChain.java:164)
		at org.apache.catalina.core.ApplicationFilterChain.doFilter(ApplicationFilterChain.java:140)
		at org.apache.catalina.core.StandardWrapperValve.invoke(StandardWrapperValve.java:167)
		at org.apache.catalina.core.StandardContextValve.invoke(StandardContextValve.java:90)
		at org.apache.catalina.authenticator.AuthenticatorBase.invoke(AuthenticatorBase.java:483)
		at org.apache.catalina.core.StandardHostValve.invoke(StandardHostValve.java:115)
		at org.apache.catalina.valves.ErrorReportValve.invoke(ErrorReportValve.java:93)
		at org.apache.catalina.valves.AbstractAccessLogValve.invoke(AbstractAccessLogValve.java:663)
		at org.apache.catalina.core.StandardEngineValve.invoke(StandardEngineValve.java:74)
		at org.apache.catalina.connector.CoyoteAdapter.service(CoyoteAdapter.java:344)
		at org.apache.coyote.http11.Http11Processor.service(Http11Processor.java:384)
		at org.apache.coyote.AbstractProcessorLight.process(AbstractProcessorLight.java:63)
		at org.apache.coyote.AbstractProtocol$ConnectionHandler.process(AbstractProtocol.java:904)
		at org.apache.tomcat.util.net.NioEndpoint$SocketProcessor.doRun(NioEndpoint.java:1741)
		at org.apache.tomcat.util.net.SocketProcessorBase.run(SocketProcessorBase.java:52)
		at org.apache.tomcat.util.threads.ThreadPoolExecutor.runWorker(ThreadPoolExecutor.java:1190)
		at org.apache.tomcat.util.threads.ThreadPoolExecutor$Worker.run(ThreadPoolExecutor.java:659)
		at org.apache.tomcat.util.threads.TaskThread$WrappingRunnable.run(TaskThread.java:63)
		at java.base/java.lang.Thread.run(Thread.java:830)
20-Aug-2024 13:08:32.314 SEVERE [http-nio-8080-exec-8] org.apache.catalina.core.StandardWrapperValve.invoke 경로 []의 컨텍스트 내의 서블릿 [jsp]을(를) 위한 Servlet.service() 호출이, 근본 원인(root cause)과 함께, 예외 [행 [4]에서 [/login.jsp]을(를) 처리하는 중 예외 발생

1: <%@ page language="java" contentType="text/html; charset=UTF-8" pageEncoding="UTF-8"%>
2: <%
3:    String req = request.getParameter("aa");
4:    if(req.equals("bb"))
5:    out.println("????媛????? ??猷??????????.");
6:    out.println(req);
7: %>


Stacktrace:]을(를) 발생시켰습니다.
	java.lang.NullPointerException
		at org.apache.jsp.login_jsp._jspService(login_jsp.java:125)
		at org.apache.jasper.runtime.HttpJspBase.service(HttpJspBase.java:67)
		at jakarta.servlet.http.HttpServlet.service(HttpServlet.java:658)
		at org.apache.jasper.servlet.JspServletWrapper.service(JspServletWrapper.java:456)
		at org.apache.jasper.servlet.JspServlet.serviceJspFile(JspServlet.java:377)
		at org.apache.jasper.servlet.JspServlet.service(JspServlet.java:325)
		at jakarta.servlet.http.HttpServlet.service(HttpServlet.java:658)
		at org.apache.catalina.core.ApplicationFilterChain.internalDoFilter(ApplicationFilterChain.java:195)
		at org.apache.catalina.core.ApplicationFilterChain.doFilter(ApplicationFilterChain.java:140)
		at org.apache.tomcat.websocket.server.WsFilter.doFilter(WsFilter.java:51)
		at org.apache.catalina.core.ApplicationFilterChain.internalDoFilter(ApplicationFilterChain.java:164)
		at org.apache.catalina.core.ApplicationFilterChain.doFilter(ApplicationFilterChain.java:140)
		at org.apache.catalina.core.StandardWrapperValve.invoke(StandardWrapperValve.java:167)
		at org.apache.catalina.core.StandardContextValve.invoke(StandardContextValve.java:90)
		at org.apache.catalina.authenticator.AuthenticatorBase.invoke(AuthenticatorBase.java:483)
		at org.apache.catalina.core.StandardHostValve.invoke(StandardHostValve.java:115)
		at org.apache.catalina.valves.ErrorReportValve.invoke(ErrorReportValve.java:93)
		at org.apache.catalina.valves.AbstractAccessLogValve.invoke(AbstractAccessLogValve.java:663)
		at org.apache.catalina.core.StandardEngineValve.invoke(StandardEngineValve.java:74)
		at org.apache.catalina.connector.CoyoteAdapter.service(CoyoteAdapter.java:344)
		at org.apache.coyote.http11.Http11Processor.service(Http11Processor.java:384)
		at org.apache.coyote.AbstractProcessorLight.process(AbstractProcessorLight.java:63)
		at org.apache.coyote.AbstractProtocol$ConnectionHandler.process(AbstractProtocol.java:904)
		at org.apache.tomcat.util.net.NioEndpoint$SocketProcessor.doRun(NioEndpoint.java:1741)
		at org.apache.tomcat.util.net.SocketProcessorBase.run(SocketProcessorBase.java:52)
		at org.apache.tomcat.util.threads.ThreadPoolExecutor.runWorker(ThreadPoolExecutor.java:1190)
		at org.apache.tomcat.util.threads.ThreadPoolExecutor$Worker.run(ThreadPoolExecutor.java:659)
		at org.apache.tomcat.util.threads.TaskThread$WrappingRunnable.run(TaskThread.java:63)
		at java.base/java.lang.Thread.run(Thread.java:830)
20-Aug-2024 13:09:52.149 SEVERE [http-nio-8080-exec-9] org.apache.catalina.core.StandardWrapperValve.invoke 경로 []의 컨텍스트 내의 서블릿 [jsp]을(를) 위한 Servlet.service() 호출이, 근본 원인(root cause)과 함께, 예외 [행 [4]에서 [/login.jsp]을(를) 처리하는 중 예외 발생

1: <%@ page language="java" contentType="text/html; charset=UTF-8" pageEncoding="UTF-8"%>
2: <%
3:    String req = request.getParameter("aa");
4:    if(req.equals("bb")){
5:    out.println("????媛????? ??猷??????????.");
6:    out.println(req);
7:    }


Stacktrace:]을(를) 발생시켰습니다.
	java.lang.NullPointerException
		at org.apache.jsp.login_jsp._jspService(login_jsp.java:125)
		at org.apache.jasper.runtime.HttpJspBase.service(HttpJspBase.java:67)
		at jakarta.servlet.http.HttpServlet.service(HttpServlet.java:658)
		at org.apache.jasper.servlet.JspServletWrapper.service(JspServletWrapper.java:456)
		at org.apache.jasper.servlet.JspServlet.serviceJspFile(JspServlet.java:377)
		at org.apache.jasper.servlet.JspServlet.service(JspServlet.java:325)
		at jakarta.servlet.http.HttpServlet.service(HttpServlet.java:658)
		at org.apache.catalina.core.ApplicationFilterChain.internalDoFilter(ApplicationFilterChain.java:195)
		at org.apache.catalina.core.ApplicationFilterChain.doFilter(ApplicationFilterChain.java:140)
		at org.apache.tomcat.websocket.server.WsFilter.doFilter(WsFilter.java:51)
		at org.apache.catalina.core.ApplicationFilterChain.internalDoFilter(ApplicationFilterChain.java:164)
		at org.apache.catalina.core.ApplicationFilterChain.doFilter(ApplicationFilterChain.java:140)
		at org.apache.catalina.core.StandardWrapperValve.invoke(StandardWrapperValve.java:167)
		at org.apache.catalina.core.StandardContextValve.invoke(StandardContextValve.java:90)
		at org.apache.catalina.authenticator.AuthenticatorBase.invoke(AuthenticatorBase.java:483)
		at org.apache.catalina.core.StandardHostValve.invoke(StandardHostValve.java:115)
		at org.apache.catalina.valves.ErrorReportValve.invoke(ErrorReportValve.java:93)
		at org.apache.catalina.valves.AbstractAccessLogValve.invoke(AbstractAccessLogValve.java:663)
		at org.apache.catalina.core.StandardEngineValve.invoke(StandardEngineValve.java:74)
		at org.apache.catalina.connector.CoyoteAdapter.service(CoyoteAdapter.java:344)
		at org.apache.coyote.http11.Http11Processor.service(Http11Processor.java:384)
		at org.apache.coyote.AbstractProcessorLight.process(AbstractProcessorLight.java:63)
		at org.apache.coyote.AbstractProtocol$ConnectionHandler.process(AbstractProtocol.java:904)
		at org.apache.tomcat.util.net.NioEndpoint$SocketProcessor.doRun(NioEndpoint.java:1741)
		at org.apache.tomcat.util.net.SocketProcessorBase.run(SocketProcessorBase.java:52)
		at org.apache.tomcat.util.threads.ThreadPoolExecutor.runWorker(ThreadPoolExecutor.java:1190)
		at org.apache.tomcat.util.threads.ThreadPoolExecutor$Worker.run(ThreadPoolExecutor.java:659)
		at org.apache.tomcat.util.threads.TaskThread$WrappingRunnable.run(TaskThread.java:63)
		at java.base/java.lang.Thread.run(Thread.java:830)
20-Aug-2024 13:10:28.717 SEVERE [http-nio-8080-exec-2] org.apache.catalina.core.StandardWrapperValve.invoke 경로 []의 컨텍스트 내의 서블릿 [jsp]을(를) 위한 Servlet.service() 호출이, 근본 원인(root cause)과 함께, 예외 [행 [4]에서 [/login.jsp]을(를) 처리하는 중 예외 발생

1: <%@ page language="java" contentType="text/html; charset=UTF-8" pageEncoding="UTF-8"%>
2: <%
3:    String req = request.getParameter("aa");
4:    if(req.equals("bb")){
5:    out.println("????媛????? ??猷??????????.");
6:    out.println("</script>");
7:    }


Stacktrace:]을(를) 발생시켰습니다.
	java.lang.NullPointerException
		at org.apache.jsp.login_jsp._jspService(login_jsp.java:125)
		at org.apache.jasper.runtime.HttpJspBase.service(HttpJspBase.java:67)
		at jakarta.servlet.http.HttpServlet.service(HttpServlet.java:658)
		at org.apache.jasper.servlet.JspServletWrapper.service(JspServletWrapper.java:456)
		at org.apache.jasper.servlet.JspServlet.serviceJspFile(JspServlet.java:377)
		at org.apache.jasper.servlet.JspServlet.service(JspServlet.java:325)
		at jakarta.servlet.http.HttpServlet.service(HttpServlet.java:658)
		at org.apache.catalina.core.ApplicationFilterChain.internalDoFilter(ApplicationFilterChain.java:195)
		at org.apache.catalina.core.ApplicationFilterChain.doFilter(ApplicationFilterChain.java:140)
		at org.apache.tomcat.websocket.server.WsFilter.doFilter(WsFilter.java:51)
		at org.apache.catalina.core.ApplicationFilterChain.internalDoFilter(ApplicationFilterChain.java:164)
		at org.apache.catalina.core.ApplicationFilterChain.doFilter(ApplicationFilterChain.java:140)
		at org.apache.catalina.core.StandardWrapperValve.invoke(StandardWrapperValve.java:167)
		at org.apache.catalina.core.StandardContextValve.invoke(StandardContextValve.java:90)
		at org.apache.catalina.authenticator.AuthenticatorBase.invoke(AuthenticatorBase.java:483)
		at org.apache.catalina.core.StandardHostValve.invoke(StandardHostValve.java:115)
		at org.apache.catalina.valves.ErrorReportValve.invoke(ErrorReportValve.java:93)
		at org.apache.catalina.valves.AbstractAccessLogValve.invoke(AbstractAccessLogValve.java:663)
		at org.apache.catalina.core.StandardEngineValve.invoke(StandardEngineValve.java:74)
		at org.apache.catalina.connector.CoyoteAdapter.service(CoyoteAdapter.java:344)
		at org.apache.coyote.http11.Http11Processor.service(Http11Processor.java:384)
		at org.apache.coyote.AbstractProcessorLight.process(AbstractProcessorLight.java:63)
		at org.apache.coyote.AbstractProtocol$ConnectionHandler.process(AbstractProtocol.java:904)
		at org.apache.tomcat.util.net.NioEndpoint$SocketProcessor.doRun(NioEndpoint.java:1741)
		at org.apache.tomcat.util.net.SocketProcessorBase.run(SocketProcessorBase.java:52)
		at org.apache.tomcat.util.threads.ThreadPoolExecutor.runWorker(ThreadPoolExecutor.java:1190)
		at org.apache.tomcat.util.threads.ThreadPoolExecutor$Worker.run(ThreadPoolExecutor.java:659)
		at org.apache.tomcat.util.threads.TaskThread$WrappingRunnable.run(TaskThread.java:63)
		at java.base/java.lang.Thread.run(Thread.java:830)
20-Aug-2024 13:11:40.953 SEVERE [http-nio-8080-exec-7] org.apache.catalina.core.StandardWrapperValve.invoke 경로 []의 컨텍스트 내의 서블릿 [jsp]을(를) 위한 Servlet.service() 호출이, 근본 원인(root cause)과 함께, 예외 [행 [4]에서 [/login.jsp]을(를) 처리하는 중 예외 발생

1: <%@ page language="java" contentType="text/html; charset=UTF-8" pageEncoding="UTF-8"%>
2: <%
3:    String req = request.getParameter("aa");
4:    if(req.equals("bb")){
5:        out.println("<script>");
6:       out.println("????媛????? ??猷??????????.");
7:       out.println("</script>");


Stacktrace:]을(를) 발생시켰습니다.
	java.lang.NullPointerException
		at org.apache.jsp.login_jsp._jspService(login_jsp.java:125)
		at org.apache.jasper.runtime.HttpJspBase.service(HttpJspBase.java:67)
		at jakarta.servlet.http.HttpServlet.service(HttpServlet.java:658)
		at org.apache.jasper.servlet.JspServletWrapper.service(JspServletWrapper.java:456)
		at org.apache.jasper.servlet.JspServlet.serviceJspFile(JspServlet.java:377)
		at org.apache.jasper.servlet.JspServlet.service(JspServlet.java:325)
		at jakarta.servlet.http.HttpServlet.service(HttpServlet.java:658)
		at org.apache.catalina.core.ApplicationFilterChain.internalDoFilter(ApplicationFilterChain.java:195)
		at org.apache.catalina.core.ApplicationFilterChain.doFilter(ApplicationFilterChain.java:140)
		at org.apache.tomcat.websocket.server.WsFilter.doFilter(WsFilter.java:51)
		at org.apache.catalina.core.ApplicationFilterChain.internalDoFilter(ApplicationFilterChain.java:164)
		at org.apache.catalina.core.ApplicationFilterChain.doFilter(ApplicationFilterChain.java:140)
		at org.apache.catalina.core.StandardWrapperValve.invoke(StandardWrapperValve.java:167)
		at org.apache.catalina.core.StandardContextValve.invoke(StandardContextValve.java:90)
		at org.apache.catalina.authenticator.AuthenticatorBase.invoke(AuthenticatorBase.java:483)
		at org.apache.catalina.core.StandardHostValve.invoke(StandardHostValve.java:115)
		at org.apache.catalina.valves.ErrorReportValve.invoke(ErrorReportValve.java:93)
		at org.apache.catalina.valves.AbstractAccessLogValve.invoke(AbstractAccessLogValve.java:663)
		at org.apache.catalina.core.StandardEngineValve.invoke(StandardEngineValve.java:74)
		at org.apache.catalina.connector.CoyoteAdapter.service(CoyoteAdapter.java:344)
		at org.apache.coyote.http11.Http11Processor.service(Http11Processor.java:384)
		at org.apache.coyote.AbstractProcessorLight.process(AbstractProcessorLight.java:63)
		at org.apache.coyote.AbstractProtocol$ConnectionHandler.process(AbstractProtocol.java:904)
		at org.apache.tomcat.util.net.NioEndpoint$SocketProcessor.doRun(NioEndpoint.java:1741)
		at org.apache.tomcat.util.net.SocketProcessorBase.run(SocketProcessorBase.java:52)
		at org.apache.tomcat.util.threads.ThreadPoolExecutor.runWorker(ThreadPoolExecutor.java:1190)
		at org.apache.tomcat.util.threads.ThreadPoolExecutor$Worker.run(ThreadPoolExecutor.java:659)
		at org.apache.tomcat.util.threads.TaskThread$WrappingRunnable.run(TaskThread.java:63)
		at java.base/java.lang.Thread.run(Thread.java:830)
20-Aug-2024 13:12:06.096 SEVERE [http-nio-8080-exec-3] org.apache.catalina.core.StandardWrapperValve.invoke 경로 []의 컨텍스트 내의 서블릿 [jsp]을(를) 위한 Servlet.service() 호출이, 근본 원인(root cause)과 함께, 예외 [행 [4]에서 [/login.jsp]을(를) 처리하는 중 예외 발생

1: <%@ page language="java" contentType="text/html; charset=UTF-8" pageEncoding="UTF-8"%>
2: <%
3:    String req = request.getParameter("aa");
4:    if (req.equals("bb")){
5:        out.println("<script>");
6:       out.println("????媛????? ??猷??????????.");
7:       out.println("</script>");


Stacktrace:]을(를) 발생시켰습니다.
	java.lang.NullPointerException
		at org.apache.jsp.login_jsp._jspService(login_jsp.java:125)
		at org.apache.jasper.runtime.HttpJspBase.service(HttpJspBase.java:67)
		at jakarta.servlet.http.HttpServlet.service(HttpServlet.java:658)
		at org.apache.jasper.servlet.JspServletWrapper.service(JspServletWrapper.java:456)
		at org.apache.jasper.servlet.JspServlet.serviceJspFile(JspServlet.java:377)
		at org.apache.jasper.servlet.JspServlet.service(JspServlet.java:325)
		at jakarta.servlet.http.HttpServlet.service(HttpServlet.java:658)
		at org.apache.catalina.core.ApplicationFilterChain.internalDoFilter(ApplicationFilterChain.java:195)
		at org.apache.catalina.core.ApplicationFilterChain.doFilter(ApplicationFilterChain.java:140)
		at org.apache.tomcat.websocket.server.WsFilter.doFilter(WsFilter.java:51)
		at org.apache.catalina.core.ApplicationFilterChain.internalDoFilter(ApplicationFilterChain.java:164)
		at org.apache.catalina.core.ApplicationFilterChain.doFilter(ApplicationFilterChain.java:140)
		at org.apache.catalina.core.StandardWrapperValve.invoke(StandardWrapperValve.java:167)
		at org.apache.catalina.core.StandardContextValve.invoke(StandardContextValve.java:90)
		at org.apache.catalina.authenticator.AuthenticatorBase.invoke(AuthenticatorBase.java:483)
		at org.apache.catalina.core.StandardHostValve.invoke(StandardHostValve.java:115)
		at org.apache.catalina.valves.ErrorReportValve.invoke(ErrorReportValve.java:93)
		at org.apache.catalina.valves.AbstractAccessLogValve.invoke(AbstractAccessLogValve.java:663)
		at org.apache.catalina.core.StandardEngineValve.invoke(StandardEngineValve.java:74)
		at org.apache.catalina.connector.CoyoteAdapter.service(CoyoteAdapter.java:344)
		at org.apache.coyote.http11.Http11Processor.service(Http11Processor.java:384)
		at org.apache.coyote.AbstractProcessorLight.process(AbstractProcessorLight.java:63)
		at org.apache.coyote.AbstractProtocol$ConnectionHandler.process(AbstractProtocol.java:904)
		at org.apache.tomcat.util.net.NioEndpoint$SocketProcessor.doRun(NioEndpoint.java:1741)
		at org.apache.tomcat.util.net.SocketProcessorBase.run(SocketProcessorBase.java:52)
		at org.apache.tomcat.util.threads.ThreadPoolExecutor.runWorker(ThreadPoolExecutor.java:1190)
		at org.apache.tomcat.util.threads.ThreadPoolExecutor$Worker.run(ThreadPoolExecutor.java:659)
		at org.apache.tomcat.util.threads.TaskThread$WrappingRunnable.run(TaskThread.java:63)
		at java.base/java.lang.Thread.run(Thread.java:830)
